# JRE version: OpenJDK Runtime Environment (8.0_152-b01) (build 1.8.0_152-release-915-b01)
# Java VM: OpenJDK 64-Bit Server VM (25.152-b01 mixed mode linux-amd64 compressed oops)
Heap:
 PSYoungGen      total 452096K, used 273437K [0x00000000e0000000, 0x00000000ffd80000, 0x0000000100000000)
  eden space 384000K, 59% used [0x00000000e0000000,0x00000000ee076820,0x00000000f7700000)
  from space 68096K, 64% used [0x00000000fba00000,0x00000000fe490d28,0x00000000ffc80000)
  to   space 68608K, 0% used [0x00000000f7700000,0x00000000f7700000,0x00000000fba00000)
 ParOldGen       total 158720K, used 97341K [0x00000000a0000000, 0x00000000a9b00000, 0x00000000e0000000)
  object space 158720K, 61% used [0x00000000a0000000,0x00000000a5f0f760,0x00000000a9b00000)
 Metaspace       used 77390K, capacity 84414K, committed 84696K, reserved 1122304K
  class space    used 9813K, capacity 11468K, committed 11520K, reserved 1048576K
GC Heap History (10 events):
Event: 4124.766 GC heap before
{Heap before GC invocations=33 (full 5):
 PSYoungGen      total 446976K, used 446687K [0x00000000e0000000, 0x0000000100000000, 0x0000000100000000)
  eden space 403456K, 100% used [0x00000000e0000000,0x00000000f8a00000,0x00000000f8a00000)
  from space 43520K, 99% used [0x00000000f8a00000,0x00000000fb437d18,0x00000000fb480000)
  to   space 62464K, 0% used [0x00000000fc300000,0x00000000fc300000,0x0000000100000000)
 ParOldGen       total 158720K, used 97325K [0x00000000a0000000, 0x00000000a9b00000, 0x00000000e0000000)
  object space 158720K, 61% used [0x00000000a0000000,0x00000000a5f0b760,0x00000000a9b00000)
 Metaspace       used 75235K, capacity 81820K, committed 82008K, reserved 1120256K
  class space    used 9533K, capacity 11054K, committed 11136K, reserved 1048576K
Event: 4124.827 GC heap after
Heap after GC invocations=33 (full 5):
 PSYoungGen      total 438272K, used 42641K [0x00000000e0000000, 0x00000000ff680000, 0x0000000100000000)
  eden space 385536K, 0% used [0x00000000e0000000,0x00000000e0000000,0x00000000f7880000)
  from space 52736K, 80% used [0x00000000fc300000,0x00000000feca4548,0x00000000ff680000)
  to   space 64512K, 0% used [0x00000000f7880000,0x00000000f7880000,0x00000000fb780000)
 ParOldGen       total 158720K, used 97333K [0x00000000a0000000, 0x00000000a9b00000, 0x00000000e0000000)
  object space 158720K, 61% used [0x00000000a0000000,0x00000000a5f0d760,0x00000000a9b00000)
 Metaspace       used 75235K, capacity 81820K, committed 82008K, reserved 1120256K
  class space    used 9533K, capacity 11054K, committed 11136K, reserved 1048576K
}
Event: 4128.221 GC heap before
{Heap before GC invocations=34 (full 5):
 PSYoungGen      total 438272K, used 428177K [0x00000000e0000000, 0x00000000ff680000, 0x0000000100000000)
  eden space 385536K, 100% used [0x00000000e0000000,0x00000000f7880000,0x00000000f7880000)
  from space 52736K, 80% used [0x00000000fc300000,0x00000000feca4548,0x00000000ff680000)
  to   space 64512K, 0% used [0x00000000f7880000,0x00000000f7880000,0x00000000fb780000)
 ParOldGen       total 158720K, used 97333K [0x00000000a0000000, 0x00000000a9b00000, 0x00000000e0000000)
  object space 158720K, 61% used [0x00000000a0000000,0x00000000a5f0d760,0x00000000a9b00000)
 Metaspace       used 75264K, capacity 81820K, committed 82008K, reserved 1120256K
  class space    used 9533K, capacity 11054K, committed 11136K, reserved 1048576K
Event: 4128.278 GC heap after
Heap after GC invocations=34 (full 5):
 PSYoungGen      total 450048K, used 48789K [0x00000000e0000000, 0x0000000100000000, 0x0000000100000000)
  eden space 385536K, 0% used [0x00000000e0000000,0x00000000e0000000,0x00000000f7880000)
  from space 64512K, 75% used [0x00000000f7880000,0x00000000fa825538,0x00000000fb780000)
  to   space 68096K, 0% used [0x00000000fbd80000,0x00000000fbd80000,0x0000000100000000)
 ParOldGen       total 158720K, used 97333K [0x00000000a0000000, 0x00000000a9b00000, 0x00000000e0000000)
  object space 158720K, 61% used [0x00000000a0000000,0x00000000a5f0d760,0x00000000a9b00000)
 Metaspace       used 75264K, capacity 81820K, committed 82008K, reserved 1120256K
  class space    used 9533K, capacity 11054K, committed 11136K, reserved 1048576K
}
Event: 4134.636 GC heap before
{Heap before GC invocations=35 (full 5):
 PSYoungGen      total 450048K, used 434325K [0x00000000e0000000, 0x0000000100000000, 0x0000000100000000)
  eden space 385536K, 100% used [0x00000000e0000000,0x00000000f7880000,0x00000000f7880000)
  from space 64512K, 75% used [0x00000000f7880000,0x00000000fa825538,0x00000000fb780000)
  to   space 68096K, 0% used [0x00000000fbd80000,0x00000000fbd80000,0x0000000100000000)
 ParOldGen       total 158720K, used 97333K [0x00000000a0000000, 0x00000000a9b00000, 0x00000000e0000000)
  object space 158720K, 61% used [0x00000000a0000000,0x00000000a5f0d760,0x00000000a9b00000)
 Metaspace       used 75283K, capacity 81824K, committed 82008K, reserved 1120256K
  class space    used 9534K, capacity 11054K, committed 11136K, reserved 1048576K
Event: 4134.716 GC heap after
Heap after GC invocations=35 (full 5):
 PSYoungGen      total 449024K, used 51061K [0x00000000e0000000, 0x0000000100000000, 0x0000000100000000)
  eden space 380928K, 0% used [0x00000000e0000000,0x00000000e0000000,0x00000000f7400000)
  from space 68096K, 74% used [0x00000000fbd80000,0x00000000fef5d538,0x0000000100000000)
  to   space 71680K, 0% used [0x00000000f7400000,0x00000000f7400000,0x00000000fba00000)
 ParOldGen       total 158720K, used 97333K [0x00000000a0000000, 0x00000000a9b00000, 0x00000000e0000000)
  object space 158720K, 61% used [0x00000000a0000000,0x00000000a5f0d760,0x00000000a9b00000)
 Metaspace       used 75283K, capacity 81824K, committed 82008K, reserved 1120256K
  class space    used 9534K, capacity 11054K, committed 11136K, reserved 1048576K
}
Event: 4242.986 GC heap before
{Heap before GC invocations=36 (full 5):
 PSYoungGen      total 449024K, used 431989K [0x00000000e0000000, 0x0000000100000000, 0x0000000100000000)
  eden space 380928K, 100% used [0x00000000e0000000,0x00000000f7400000,0x00000000f7400000)
  from space 68096K, 74% used [0x00000000fbd80000,0x00000000fef5d538,0x0000000100000000)
  to   space 71680K, 0% used [0x00000000f7400000,0x00000000f7400000,0x00000000fba00000)
 ParOldGen       total 158720K, used 97333K [0x00000000a0000000, 0x00000000a9b00000, 0x00000000e0000000)
  object space 158720K, 61% used [0x00000000a0000000,0x00000000a5f0d760,0x00000000a9b00000)
 Metaspace       used 75372K, capacity 82034K, committed 82264K, reserved 1120256K
  class space    used 9548K, capacity 11097K, committed 11136K, reserved 1048576K
Event: 4243.044 GC heap after
Heap after GC invocations=36 (full 5):
 PSYoungGen      total 452608K, used 31729K [0x00000000e0000000, 0x00000000ffc80000, 0x0000000100000000)
  eden space 380928K, 0% used [0x00000000e0000000,0x00000000e0000000,0x00000000f7400000)
  from space 71680K, 44% used [0x00000000f7400000,0x00000000f92fc538,0x00000000fba00000)
  to   space 68096K, 0% used [0x00000000fba00000,0x00000000fba00000,0x00000000ffc80000)
 ParOldGen       total 158720K, used 97333K [0x00000000a0000000, 0x00000000a9b00000, 0x00000000e0000000)
  object space 158720K, 61% used [0x00000000a0000000,0x00000000a5f0d760,0x00000000a9b00000)
 Metaspace       used 75372K, capacity 82034K, committed 82264K, reserved 1120256K
  class space    used 9548K, capacity 11097K, committed 11136K, reserved 1048576K
}
Event: 4248.664 GC heap before
{Heap before GC invocations=37 (full 5):
 PSYoungGen      total 452608K, used 412657K [0x00000000e0000000, 0x00000000ffc80000, 0x0000000100000000)
  eden space 380928K, 100% used [0x00000000e0000000,0x00000000f7400000,0x00000000f7400000)
  from space 71680K, 44% used [0x00000000f7400000,0x00000000f92fc538,0x00000000fba00000)
  to   space 68096K, 0% used [0x00000000fba00000,0x00000000fba00000,0x00000000ffc80000)
 ParOldGen       total 158720K, used 97333K [0x00000000a0000000, 0x00000000a9b00000, 0x00000000e0000000)
  object space 158720K, 61% used [0x00000000a0000000,0x00000000a5f0d760,0x00000000a9b00000)
 Metaspace       used 75740K, capacity 82518K, committed 82648K, reserved 1120256K
  class space    used 9560K, capacity 11137K, committed 11264K, reserved 1048576K
Event: 4248.764 GC heap after
Heap after GC invocations=37 (full 5):
 PSYoungGen      total 452096K, used 43587K [0x00000000e0000000, 0x00000000ffd80000, 0x0000000100000000)
  eden space 384000K, 0% used [0x00000000e0000000,0x00000000e0000000,0x00000000f7700000)
  from space 68096K, 64% used [0x00000000fba00000,0x00000000fe490d28,0x00000000ffc80000)
  to   space 68608K, 0% used [0x00000000f7700000,0x00000000f7700000,0x00000000fba00000)
 ParOldGen       total 158720K, used 97341K [0x00000000a0000000, 0x00000000a9b00000, 0x00000000e0000000)
  object space 158720K, 61% used [0x00000000a0000000,0x00000000a5f0f760,0x00000000a9b00000)
 Metaspace       used 75740K, capacity 82518K, committed 82648K, reserved 1120256K
  class space    used 9560K, capacity 11137K, committed 11264K, reserved 1048576K
}

